<?xml version="1.0" encoding="UTF-8"?>
<!-- Generated by org.testng.reporters.JUnitReportReporter -->
<testsuite hostname="Confluxsyss-Mac-mini.local" failures="0" tests="1" name="com.example.Csv_extractor.AppTest" time="0.177" errors="0" timestamp="2024-10-08T12:36:45 IST" skipped="0">
  <testcase classname="com.example.Csv_extractor.AppTest" name="testQueryExecutionAndCsvWriting" time="0.177"/>
  <system-out/>
</testsuite> <!-- com.example.Csv_extractor.AppTest -->
