<?xml version="1.0" encoding="UTF-8"?>
<!-- Generated by org.testng.reporters.JUnitReportReporter -->
<testsuite hostname="Confluxsyss-Mac-mini.local" failures="0" tests="4" name="com.example.Csv_extractor.AppTest" time="0.348" errors="0" timestamp="2024-10-17T11:13:55 IST" skipped="0">
  <testcase classname="com.example.Csv_extractor.AppTest" name="testDeleteUser" time="0.010"/>
  <system-out/>
  <testcase classname="com.example.Csv_extractor.AppTest" name="testReadUser" time="0.052"/>
  <system-out/>
  <testcase classname="com.example.Csv_extractor.AppTest" name="testCreateUser" time="0.271"/>
  <system-out/>
  <testcase classname="com.example.Csv_extractor.AppTest" name="testQueryExecutionAndCsvWriting" time="0.015"/>
  <system-out/>
</testsuite> <!-- com.example.Csv_extractor.AppTest -->
